{"C:\\Users\\Magda\\Documents\\GitHub\\Pretty-Dice\\src\\components\\d6\\helpers\\getRandom.ts": {"path":"C:\\Users\\Magda\\Documents\\GitHub\\Pretty-Dice\\src\\components\\d6\\helpers\\getRandom.ts","statementMap":{"0":{"start":{"line":1,"column":25},"end":{"line":3,"column":1}},"1":{"start":{"line":2,"column":4},"end":{"line":2,"column":null}},"2":{"start":{"line":1,"column":13},"end":{"line":1,"column":25}}},"fnMap":{"0":{"name":"(anonymous_0)","decl":{"start":{"line":1,"column":25},"end":{"line":1,"column":26}},"loc":{"start":{"line":1,"column":45},"end":{"line":3,"column":1}}}},"branchMap":{},"s":{"0":1,"1":102,"2":1},"f":{"0":102},"b":{}}
,"C:\\Users\\Magda\\Documents\\GitHub\\Pretty-Dice\\src\\components\\tenzies\\helpers\\checkIfAllSame.ts": {"path":"C:\\Users\\Magda\\Documents\\GitHub\\Pretty-Dice\\src\\components\\tenzies\\helpers\\checkIfAllSame.ts","statementMap":{"0":{"start":{"line":1,"column":30},"end":{"line":3,"column":1}},"1":{"start":{"line":2,"column":2},"end":{"line":2,"column":46}},"2":{"start":{"line":2,"column":29},"end":{"line":2,"column":44}},"3":{"start":{"line":1,"column":13},"end":{"line":1,"column":30}}},"fnMap":{"0":{"name":"(anonymous_0)","decl":{"start":{"line":1,"column":30},"end":{"line":1,"column":31}},"loc":{"start":{"line":1,"column":48},"end":{"line":3,"column":1}}},"1":{"name":"(anonymous_1)","decl":{"start":{"line":2,"column":19},"end":{"line":2,"column":20}},"loc":{"start":{"line":2,"column":29},"end":{"line":2,"column":44}}}},"branchMap":{},"s":{"0":1,"1":4,"2":9,"3":1},"f":{"0":4,"1":9},"b":{}}
}
